2020-05-13 04:44:50,532 INFO org.apache.hadoop.mapreduce.v2.hs.JobHistoryServer: STARTUP_MSG: 
/************************************************************
STARTUP_MSG: Starting JobHistoryServer
STARTUP_MSG:   host = namenode/10.128.0.2
STARTUP_MSG:   args = []
STARTUP_MSG:   version = 2.10.0
STARTUP_MSG:   classpath = /usr/local/hadoop/etc/hadoop:/usr/local/hadoop/share/hadoop/common/lib/api-asn1-api-1.0.0-M20.jar:/usr/local/hadoop/share/hadoop/common/lib/guava-11.0.2.jar:/usr/local/hadoop/share/hadoop/common/lib/commons-beanutils-1.9.4.jar:/usr/local/hadoop/share/hadoop/common/lib/jackson-mapper-asl-1.9.13.jar:/usr/local/hadoop/share/hadoop/common/lib/jersey-server-1.9.jar:/usr/local/hadoop/share/hadoop/common/lib/api-util-1.0.0-M20.jar:/usr/local/hadoop/share/hadoop/common/lib/netty-3.10.6.Final.jar:/usr/local/hadoop/share/hadoop/common/lib/commons-digester-1.8.jar:/usr/local/hadoop/share/hadoop/common/lib/servlet-api-2.5.jar:/usr/local/hadoop/share/hadoop/common/lib/httpclient-4.5.2.jar:/usr/local/hadoop/share/hadoop/common/lib/jettison-1.1.jar:/usr/local/hadoop/share/hadoop/common/lib/jets3t-0.9.0.jar:/usr/local/hadoop/share/hadoop/common/lib/junit-4.11.jar:/usr/local/hadoop/share/hadoop/common/lib/commons-configuration-1.6.jar:/usr/local/hadoop/share/hadoop/common/lib/jersey-core-1.9.jar:/usr/local/hadoop/share/hadoop/common/lib/jetty-util-6.1.26.jar:/usr/local/hadoop/share/hadoop/common/lib/log4j-1.2.17.jar:/usr/local/hadoop/share/hadoop/common/lib/jaxb-api-2.2.2.jar:/usr/local/hadoop/share/hadoop/common/lib/htrace-core4-4.1.0-incubating.jar:/usr/local/hadoop/share/hadoop/common/lib/commons-lang3-3.4.jar:/usr/local/hadoop/share/hadoop/common/lib/hamcrest-core-1.3.jar:/usr/local/hadoop/share/hadoop/common/lib/hadoop-auth-2.10.0.jar:/usr/local/hadoop/share/hadoop/common/lib/hadoop-annotations-2.10.0.jar:/usr/local/hadoop/share/hadoop/common/lib/nimbus-jose-jwt-4.41.1.jar:/usr/local/hadoop/share/hadoop/common/lib/slf4j-api-1.7.25.jar:/usr/local/hadoop/share/hadoop/common/lib/commons-compress-1.19.jar:/usr/local/hadoop/share/hadoop/common/lib/slf4j-log4j12-1.7.25.jar:/usr/local/hadoop/share/hadoop/common/lib/protobuf-java-2.5.0.jar:/usr/local/hadoop/share/hadoop/common/lib/jsr305-3.0.0.jar:/usr/local/hadoop/share/hadoop/common/lib/jersey-json-1.9.jar:/usr/local/hadoop/share/hadoop/common/lib/asm-3.2.jar:/usr/local/hadoop/share/hadoop/common/lib/apacheds-kerberos-codec-2.0.0-M15.jar:/usr/local/hadoop/share/hadoop/common/lib/jackson-core-asl-1.9.13.jar:/usr/local/hadoop/share/hadoop/common/lib/commons-net-3.1.jar:/usr/local/hadoop/share/hadoop/common/lib/jsch-0.1.54.jar:/usr/local/hadoop/share/hadoop/common/lib/apacheds-i18n-2.0.0-M15.jar:/usr/local/hadoop/share/hadoop/common/lib/mockito-all-1.8.5.jar:/usr/local/hadoop/share/hadoop/common/lib/commons-collections-3.2.2.jar:/usr/local/hadoop/share/hadoop/common/lib/jackson-jaxrs-1.9.13.jar:/usr/local/hadoop/share/hadoop/common/lib/jetty-6.1.26.jar:/usr/local/hadoop/share/hadoop/common/lib/jaxb-impl-2.2.3-1.jar:/usr/local/hadoop/share/hadoop/common/lib/commons-math3-3.1.1.jar:/usr/local/hadoop/share/hadoop/common/lib/httpcore-4.4.4.jar:/usr/local/hadoop/share/hadoop/common/lib/java-xmlbuilder-0.4.jar:/usr/local/hadoop/share/hadoop/common/lib/stax2-api-3.1.4.jar:/usr/local/hadoop/share/hadoop/common/lib/gson-2.2.4.jar:/usr/local/hadoop/share/hadoop/common/lib/commons-io-2.4.jar:/usr/local/hadoop/share/hadoop/common/lib/commons-logging-1.1.3.jar:/usr/local/hadoop/share/hadoop/common/lib/commons-codec-1.4.jar:/usr/local/hadoop/share/hadoop/common/lib/curator-recipes-2.7.1.jar:/usr/local/hadoop/share/hadoop/common/lib/paranamer-2.3.jar:/usr/local/hadoop/share/hadoop/common/lib/jetty-sslengine-6.1.26.jar:/usr/local/hadoop/share/hadoop/common/lib/jcip-annotations-1.0-1.jar:/usr/local/hadoop/share/hadoop/common/lib/curator-client-2.7.1.jar:/usr/local/hadoop/share/hadoop/common/lib/jackson-xc-1.9.13.jar:/usr/local/hadoop/share/hadoop/common/lib/jsp-api-2.1.jar:/usr/local/hadoop/share/hadoop/common/lib/commons-cli-1.2.jar:/usr/local/hadoop/share/hadoop/common/lib/avro-1.7.7.jar:/usr/local/hadoop/share/hadoop/common/lib/json-smart-1.3.1.jar:/usr/local/hadoop/share/hadoop/common/lib/zookeeper-3.4.9.jar:/usr/local/hadoop/share/hadoop/common/lib/woodstox-core-5.0.3.jar:/usr/local/hadoop/share/hadoop/common/lib/xmlenc-0.52.jar:/usr/local/hadoop/share/hadoop/common/lib/curator-framework-2.7.1.jar:/usr/local/hadoop/share/hadoop/common/lib/activation-1.1.jar:/usr/local/hadoop/share/hadoop/common/lib/stax-api-1.0-2.jar:/usr/local/hadoop/share/hadoop/common/lib/commons-lang-2.6.jar:/usr/local/hadoop/share/hadoop/common/lib/snappy-java-1.0.5.jar:/usr/local/hadoop/share/hadoop/common/hadoop-nfs-2.10.0.jar:/usr/local/hadoop/share/hadoop/common/hadoop-common-2.10.0-tests.jar:/usr/local/hadoop/share/hadoop/common/hadoop-common-2.10.0.jar:/usr/local/hadoop/share/hadoop/hdfs:/usr/local/hadoop/share/hadoop/hdfs/lib/guava-11.0.2.jar:/usr/local/hadoop/share/hadoop/hdfs/lib/jackson-mapper-asl-1.9.13.jar:/usr/local/hadoop/share/hadoop/hdfs/lib/jersey-server-1.9.jar:/usr/local/hadoop/share/hadoop/hdfs/lib/netty-3.10.6.Final.jar:/usr/local/hadoop/share/hadoop/hdfs/lib/servlet-api-2.5.jar:/usr/local/hadoop/share/hadoop/hdfs/lib/jackson-core-2.7.8.jar:/usr/local/hadoop/share/hadoop/hdfs/lib/jersey-core-1.9.jar:/usr/local/hadoop/share/hadoop/hdfs/lib/jetty-util-6.1.26.jar:/usr/local/hadoop/share/hadoop/hdfs/lib/log4j-1.2.17.jar:/usr/local/hadoop/share/hadoop/hdfs/lib/jackson-databind-2.7.8.jar:/usr/local/hadoop/share/hadoop/hdfs/lib/htrace-core4-4.1.0-incubating.jar:/usr/local/hadoop/share/hadoop/hdfs/lib/netty-all-4.0.23.Final.jar:/usr/local/hadoop/share/hadoop/hdfs/lib/protobuf-java-2.5.0.jar:/usr/local/hadoop/share/hadoop/hdfs/lib/jsr305-3.0.0.jar:/usr/local/hadoop/share/hadoop/hdfs/lib/asm-3.2.jar:/usr/local/hadoop/share/hadoop/hdfs/lib/xml-apis-1.4.01.jar:/usr/local/hadoop/share/hadoop/hdfs/lib/jackson-core-asl-1.9.13.jar:/usr/local/hadoop/share/hadoop/hdfs/lib/xercesImpl-2.12.0.jar:/usr/local/hadoop/share/hadoop/hdfs/lib/jetty-6.1.26.jar:/usr/local/hadoop/share/hadoop/hdfs/lib/hadoop-hdfs-client-2.10.0.jar:/usr/local/hadoop/share/hadoop/hdfs/lib/commons-io-2.4.jar:/usr/local/hadoop/share/hadoop/hdfs/lib/leveldbjni-all-1.8.jar:/usr/local/hadoop/share/hadoop/hdfs/lib/commons-logging-1.1.3.jar:/usr/local/hadoop/share/hadoop/hdfs/lib/okio-1.6.0.jar:/usr/local/hadoop/share/hadoop/hdfs/lib/commons-codec-1.4.jar:/usr/local/hadoop/share/hadoop/hdfs/lib/commons-cli-1.2.jar:/usr/local/hadoop/share/hadoop/hdfs/lib/xmlenc-0.52.jar:/usr/local/hadoop/share/hadoop/hdfs/lib/okhttp-2.7.5.jar:/usr/local/hadoop/share/hadoop/hdfs/lib/commons-daemon-1.0.13.jar:/usr/local/hadoop/share/hadoop/hdfs/lib/jackson-annotations-2.7.8.jar:/usr/local/hadoop/share/hadoop/hdfs/lib/commons-lang-2.6.jar:/usr/local/hadoop/share/hadoop/hdfs/hadoop-hdfs-client-2.10.0-tests.jar:/usr/local/hadoop/share/hadoop/hdfs/hadoop-hdfs-rbf-2.10.0-tests.jar:/usr/local/hadoop/share/hadoop/hdfs/hadoop-hdfs-native-client-2.10.0.jar:/usr/local/hadoop/share/hadoop/hdfs/hadoop-hdfs-native-client-2.10.0-tests.jar:/usr/local/hadoop/share/hadoop/hdfs/hadoop-hdfs-2.10.0-tests.jar:/usr/local/hadoop/share/hadoop/hdfs/hadoop-hdfs-client-2.10.0.jar:/usr/local/hadoop/share/hadoop/hdfs/hadoop-hdfs-rbf-2.10.0.jar:/usr/local/hadoop/share/hadoop/hdfs/hadoop-hdfs-2.10.0.jar:/usr/local/hadoop/share/hadoop/hdfs/hadoop-hdfs-nfs-2.10.0.jar:/usr/local/hadoop/share/hadoop/yarn:/usr/local/hadoop/share/hadoop/yarn/lib/api-asn1-api-1.0.0-M20.jar:/usr/local/hadoop/share/hadoop/yarn/lib/guava-11.0.2.jar:/usr/local/hadoop/share/hadoop/yarn/lib/commons-beanutils-1.9.4.jar:/usr/local/hadoop/share/hadoop/yarn/lib/jackson-mapper-asl-1.9.13.jar:/usr/local/hadoop/share/hadoop/yarn/lib/jersey-server-1.9.jar:/usr/local/hadoop/share/hadoop/yarn/lib/api-util-1.0.0-M20.jar:/usr/local/hadoop/share/hadoop/yarn/lib/netty-3.10.6.Final.jar:/usr/local/hadoop/share/hadoop/yarn/lib/commons-digester-1.8.jar:/usr/local/hadoop/share/hadoop/yarn/lib/servlet-api-2.5.jar:/usr/local/hadoop/share/hadoop/yarn/lib/mssql-jdbc-6.2.1.jre7.jar:/usr/local/hadoop/share/hadoop/yarn/lib/jersey-guice-1.9.jar:/usr/local/hadoop/share/hadoop/yarn/lib/httpclient-4.5.2.jar:/usr/local/hadoop/share/hadoop/yarn/lib/jettison-1.1.jar:/usr/local/hadoop/share/hadoop/yarn/lib/jets3t-0.9.0.jar:/usr/local/hadoop/share/hadoop/yarn/lib/commons-configuration-1.6.jar:/usr/local/hadoop/share/hadoop/yarn/lib/jersey-core-1.9.jar:/usr/local/hadoop/share/hadoop/yarn/lib/jetty-util-6.1.26.jar:/usr/local/hadoop/share/hadoop/yarn/lib/log4j-1.2.17.jar:/usr/local/hadoop/share/hadoop/yarn/lib/jaxb-api-2.2.2.jar:/usr/local/hadoop/share/hadoop/yarn/lib/htrace-core4-4.1.0-incubating.jar:/usr/local/hadoop/share/hadoop/yarn/lib/commons-lang3-3.4.jar:/usr/local/hadoop/share/hadoop/yarn/lib/java-util-1.9.0.jar:/usr/local/hadoop/share/hadoop/yarn/lib/nimbus-jose-jwt-4.41.1.jar:/usr/local/hadoop/share/hadoop/yarn/lib/commons-compress-1.19.jar:/usr/local/hadoop/share/hadoop/yarn/lib/aopalliance-1.0.jar:/usr/local/hadoop/share/hadoop/yarn/lib/protobuf-java-2.5.0.jar:/usr/local/hadoop/share/hadoop/yarn/lib/jsr305-3.0.0.jar:/usr/local/hadoop/share/hadoop/yarn/lib/HikariCP-java7-2.4.12.jar:/usr/local/hadoop/share/hadoop/yarn/lib/jersey-json-1.9.jar:/usr/local/hadoop/share/hadoop/yarn/lib/asm-3.2.jar:/usr/local/hadoop/share/hadoop/yarn/lib/apacheds-kerberos-codec-2.0.0-M15.jar:/usr/local/hadoop/share/hadoop/yarn/lib/guice-servlet-3.0.jar:/usr/local/hadoop/share/hadoop/yarn/lib/jackson-core-asl-1.9.13.jar:/usr/local/hadoop/share/hadoop/yarn/lib/commons-net-3.1.jar:/usr/local/hadoop/share/hadoop/yarn/lib/jsch-0.1.54.jar:/usr/local/hadoop/share/hadoop/yarn/lib/apacheds-i18n-2.0.0-M15.jar:/usr/local/hadoop/share/hadoop/yarn/lib/fst-2.50.jar:/usr/local/hadoop/share/hadoop/yarn/lib/commons-collections-3.2.2.jar:/usr/local/hadoop/share/hadoop/yarn/lib/jackson-jaxrs-1.9.13.jar:/usr/local/hadoop/share/hadoop/yarn/lib/jetty-6.1.26.jar:/usr/local/hadoop/share/hadoop/yarn/lib/jaxb-impl-2.2.3-1.jar:/usr/local/hadoop/share/hadoop/yarn/lib/commons-math3-3.1.1.jar:/usr/local/hadoop/share/hadoop/yarn/lib/javax.inject-1.jar:/usr/local/hadoop/share/hadoop/yarn/lib/httpcore-4.4.4.jar:/usr/local/hadoop/share/hadoop/yarn/lib/java-xmlbuilder-0.4.jar:/usr/local/hadoop/share/hadoop/yarn/lib/stax2-api-3.1.4.jar:/usr/local/hadoop/share/hadoop/yarn/lib/gson-2.2.4.jar:/usr/local/hadoop/share/hadoop/yarn/lib/commons-io-2.4.jar:/usr/local/hadoop/share/hadoop/yarn/lib/leveldbjni-all-1.8.jar:/usr/local/hadoop/share/hadoop/yarn/lib/metrics-core-3.0.1.jar:/usr/local/hadoop/share/hadoop/yarn/lib/commons-logging-1.1.3.jar:/usr/local/hadoop/share/hadoop/yarn/lib/commons-codec-1.4.jar:/usr/local/hadoop/share/hadoop/yarn/lib/curator-recipes-2.7.1.jar:/usr/local/hadoop/share/hadoop/yarn/lib/guice-3.0.jar:/usr/local/hadoop/share/hadoop/yarn/lib/paranamer-2.3.jar:/usr/local/hadoop/share/hadoop/yarn/lib/json-io-2.5.1.jar:/usr/local/hadoop/share/hadoop/yarn/lib/jetty-sslengine-6.1.26.jar:/usr/local/hadoop/share/hadoop/yarn/lib/jcip-annotations-1.0-1.jar:/usr/local/hadoop/share/hadoop/yarn/lib/curator-client-2.7.1.jar:/usr/local/hadoop/share/hadoop/yarn/lib/jackson-xc-1.9.13.jar:/usr/local/hadoop/share/hadoop/yarn/lib/jsp-api-2.1.jar:/usr/local/hadoop/share/hadoop/yarn/lib/commons-cli-1.2.jar:/usr/local/hadoop/share/hadoop/yarn/lib/avro-1.7.7.jar:/usr/local/hadoop/share/hadoop/yarn/lib/geronimo-jcache_1.0_spec-1.0-alpha-1.jar:/usr/local/hadoop/share/hadoop/yarn/lib/json-smart-1.3.1.jar:/usr/local/hadoop/share/hadoop/yarn/lib/zookeeper-3.4.9.jar:/usr/local/hadoop/share/hadoop/yarn/lib/woodstox-core-5.0.3.jar:/usr/local/hadoop/share/hadoop/yarn/lib/xmlenc-0.52.jar:/usr/local/hadoop/share/hadoop/yarn/lib/curator-framework-2.7.1.jar:/usr/local/hadoop/share/hadoop/yarn/lib/ehcache-3.3.1.jar:/usr/local/hadoop/share/hadoop/yarn/lib/jersey-client-1.9.jar:/usr/local/hadoop/share/hadoop/yarn/lib/activation-1.1.jar:/usr/local/hadoop/share/hadoop/yarn/lib/stax-api-1.0-2.jar:/usr/local/hadoop/share/hadoop/yarn/lib/commons-lang-2.6.jar:/usr/local/hadoop/share/hadoop/yarn/lib/snappy-java-1.0.5.jar:/usr/local/hadoop/share/hadoop/yarn/hadoop-yarn-registry-2.10.0.jar:/usr/local/hadoop/share/hadoop/yarn/hadoop-yarn-client-2.10.0.jar:/usr/local/hadoop/share/hadoop/yarn/hadoop-yarn-server-tests-2.10.0.jar:/usr/local/hadoop/share/hadoop/yarn/hadoop-yarn-server-resourcemanager-2.10.0.jar:/usr/local/hadoop/share/hadoop/yarn/hadoop-yarn-server-common-2.10.0.jar:/usr/local/hadoop/share/hadoop/yarn/hadoop-yarn-server-applicationhistoryservice-2.10.0.jar:/usr/local/hadoop/share/hadoop/yarn/hadoop-yarn-server-router-2.10.0.jar:/usr/local/hadoop/share/hadoop/yarn/hadoop-yarn-api-2.10.0.jar:/usr/local/hadoop/share/hadoop/yarn/hadoop-yarn-applications-unmanaged-am-launcher-2.10.0.jar:/usr/local/hadoop/share/hadoop/yarn/hadoop-yarn-common-2.10.0.jar:/usr/local/hadoop/share/hadoop/yarn/hadoop-yarn-server-nodemanager-2.10.0.jar:/usr/local/hadoop/share/hadoop/yarn/hadoop-yarn-server-sharedcachemanager-2.10.0.jar:/usr/local/hadoop/share/hadoop/yarn/hadoop-yarn-applications-distributedshell-2.10.0.jar:/usr/local/hadoop/share/hadoop/yarn/hadoop-yarn-server-timeline-pluginstorage-2.10.0.jar:/usr/local/hadoop/share/hadoop/yarn/hadoop-yarn-server-web-proxy-2.10.0.jar:/usr/local/hadoop/share/hadoop/mapreduce/lib/jackson-mapper-asl-1.9.13.jar:/usr/local/hadoop/share/hadoop/mapreduce/lib/jersey-server-1.9.jar:/usr/local/hadoop/share/hadoop/mapreduce/lib/netty-3.10.6.Final.jar:/usr/local/hadoop/share/hadoop/mapreduce/lib/jersey-guice-1.9.jar:/usr/local/hadoop/share/hadoop/mapreduce/lib/junit-4.11.jar:/usr/local/hadoop/share/hadoop/mapreduce/lib/jersey-core-1.9.jar:/usr/local/hadoop/share/hadoop/mapreduce/lib/log4j-1.2.17.jar:/usr/local/hadoop/share/hadoop/mapreduce/lib/hamcrest-core-1.3.jar:/usr/local/hadoop/share/hadoop/mapreduce/lib/hadoop-annotations-2.10.0.jar:/usr/local/hadoop/share/hadoop/mapreduce/lib/commons-compress-1.19.jar:/usr/local/hadoop/share/hadoop/mapreduce/lib/aopalliance-1.0.jar:/usr/local/hadoop/share/hadoop/mapreduce/lib/protobuf-java-2.5.0.jar:/usr/local/hadoop/share/hadoop/mapreduce/lib/asm-3.2.jar:/usr/local/hadoop/share/hadoop/mapreduce/lib/guice-servlet-3.0.jar:/usr/local/hadoop/share/hadoop/mapreduce/lib/jackson-core-asl-1.9.13.jar:/usr/local/hadoop/share/hadoop/mapreduce/lib/javax.inject-1.jar:/usr/local/hadoop/share/hadoop/mapreduce/lib/commons-io-2.4.jar:/usr/local/hadoop/share/hadoop/mapreduce/lib/leveldbjni-all-1.8.jar:/usr/local/hadoop/share/hadoop/mapreduce/lib/guice-3.0.jar:/usr/local/hadoop/share/hadoop/mapreduce/lib/paranamer-2.3.jar:/usr/local/hadoop/share/hadoop/mapreduce/lib/avro-1.7.7.jar:/usr/local/hadoop/share/hadoop/mapreduce/lib/snappy-java-1.0.5.jar:/usr/local/hadoop/share/hadoop/mapreduce/hadoop-mapreduce-examples-2.10.0.jar:/usr/local/hadoop/share/hadoop/mapreduce/hadoop-mapreduce-client-jobclient-2.10.0-tests.jar:/usr/local/hadoop/share/hadoop/mapreduce/hadoop-mapreduce-client-shuffle-2.10.0.jar:/usr/local/hadoop/share/hadoop/mapreduce/hadoop-mapreduce-client-hs-2.10.0.jar:/usr/local/hadoop/share/hadoop/mapreduce/hadoop-mapreduce-client-core-2.10.0.jar:/usr/local/hadoop/share/hadoop/mapreduce/hadoop-mapreduce-client-jobclient-2.10.0.jar:/usr/local/hadoop/share/hadoop/mapreduce/hadoop-mapreduce-client-hs-plugins-2.10.0.jar:/usr/local/hadoop/share/hadoop/mapreduce/hadoop-mapreduce-client-common-2.10.0.jar:/usr/local/hadoop/share/hadoop/mapreduce/hadoop-mapreduce-client-app-2.10.0.jar:/usr/local/hadoop/contrib/capacity-scheduler/*.jar:/usr/local/hadoop/contrib/capacity-scheduler/*.jar:/usr/local/hadoop/share/hadoop/mapreduce/hadoop-mapreduce-client-app-2.10.0.jar:/usr/local/hadoop/share/hadoop/mapreduce/hadoop-mapreduce-client-common-2.10.0.jar:/usr/local/hadoop/share/hadoop/mapreduce/hadoop-mapreduce-client-core-2.10.0.jar:/usr/local/hadoop/share/hadoop/mapreduce/hadoop-mapreduce-client-hs-2.10.0.jar:/usr/local/hadoop/share/hadoop/mapreduce/hadoop-mapreduce-client-hs-plugins-2.10.0.jar:/usr/local/hadoop/share/hadoop/mapreduce/hadoop-mapreduce-client-jobclient-2.10.0.jar:/usr/local/hadoop/share/hadoop/mapreduce/hadoop-mapreduce-client-jobclient-2.10.0-tests.jar:/usr/local/hadoop/share/hadoop/mapreduce/hadoop-mapreduce-client-shuffle-2.10.0.jar:/usr/local/hadoop/share/hadoop/mapreduce/hadoop-mapreduce-examples-2.10.0.jar:/usr/local/hadoop/share/hadoop/yarn/hadoop-yarn-api-2.10.0.jar:/usr/local/hadoop/share/hadoop/yarn/hadoop-yarn-applications-distributedshell-2.10.0.jar:/usr/local/hadoop/share/hadoop/yarn/hadoop-yarn-applications-unmanaged-am-launcher-2.10.0.jar:/usr/local/hadoop/share/hadoop/yarn/hadoop-yarn-client-2.10.0.jar:/usr/local/hadoop/share/hadoop/yarn/hadoop-yarn-common-2.10.0.jar:/usr/local/hadoop/share/hadoop/yarn/hadoop-yarn-registry-2.10.0.jar:/usr/local/hadoop/share/hadoop/yarn/hadoop-yarn-server-applicationhistoryservice-2.10.0.jar:/usr/local/hadoop/share/hadoop/yarn/hadoop-yarn-server-common-2.10.0.jar:/usr/local/hadoop/share/hadoop/yarn/hadoop-yarn-server-nodemanager-2.10.0.jar:/usr/local/hadoop/share/hadoop/yarn/hadoop-yarn-server-resourcemanager-2.10.0.jar:/usr/local/hadoop/share/hadoop/yarn/hadoop-yarn-server-router-2.10.0.jar:/usr/local/hadoop/share/hadoop/yarn/hadoop-yarn-server-sharedcachemanager-2.10.0.jar:/usr/local/hadoop/share/hadoop/yarn/hadoop-yarn-server-tests-2.10.0.jar:/usr/local/hadoop/share/hadoop/yarn/hadoop-yarn-server-timeline-pluginstorage-2.10.0.jar:/usr/local/hadoop/share/hadoop/yarn/hadoop-yarn-server-web-proxy-2.10.0.jar:/usr/local/hadoop/share/hadoop/mapreduce/lib/aopalliance-1.0.jar:/usr/local/hadoop/share/hadoop/mapreduce/lib/asm-3.2.jar:/usr/local/hadoop/share/hadoop/mapreduce/lib/avro-1.7.7.jar:/usr/local/hadoop/share/hadoop/mapreduce/lib/commons-compress-1.19.jar:/usr/local/hadoop/share/hadoop/mapreduce/lib/commons-io-2.4.jar:/usr/local/hadoop/share/hadoop/mapreduce/lib/guice-3.0.jar:/usr/local/hadoop/share/hadoop/mapreduce/lib/guice-servlet-3.0.jar:/usr/local/hadoop/share/hadoop/mapreduce/lib/hadoop-annotations-2.10.0.jar:/usr/local/hadoop/share/hadoop/mapreduce/lib/hamcrest-core-1.3.jar:/usr/local/hadoop/share/hadoop/mapreduce/lib/jackson-core-asl-1.9.13.jar:/usr/local/hadoop/share/hadoop/mapreduce/lib/jackson-mapper-asl-1.9.13.jar:/usr/local/hadoop/share/hadoop/mapreduce/lib/javax.inject-1.jar:/usr/local/hadoop/share/hadoop/mapreduce/lib/jersey-core-1.9.jar:/usr/local/hadoop/share/hadoop/mapreduce/lib/jersey-guice-1.9.jar:/usr/local/hadoop/share/hadoop/mapreduce/lib/jersey-server-1.9.jar:/usr/local/hadoop/share/hadoop/mapreduce/lib/junit-4.11.jar:/usr/local/hadoop/share/hadoop/mapreduce/lib/leveldbjni-all-1.8.jar:/usr/local/hadoop/share/hadoop/mapreduce/lib/log4j-1.2.17.jar:/usr/local/hadoop/share/hadoop/mapreduce/lib/netty-3.10.6.Final.jar:/usr/local/hadoop/share/hadoop/mapreduce/lib/paranamer-2.3.jar:/usr/local/hadoop/share/hadoop/mapreduce/lib/protobuf-java-2.5.0.jar:/usr/local/hadoop/share/hadoop/mapreduce/lib/snappy-java-1.0.5.jar:/usr/local/hadoop/modules/*.jar
STARTUP_MSG:   build = ssh://git.corp.linkedin.com:29418/hadoop/hadoop.git -r e2f1f118e465e787d8567dfa6e2f3b72a0eb9194; compiled by 'jhung' on 2019-10-22T19:10Z
STARTUP_MSG:   java = 1.8.0_252
************************************************************/
2020-05-13 04:44:50,553 INFO org.apache.hadoop.mapreduce.v2.hs.JobHistoryServer: registered UNIX signal handlers for [TERM, HUP, INT]
2020-05-13 04:44:51,099 WARN org.apache.hadoop.util.NativeCodeLoader: Unable to load native-hadoop library for your platform... using builtin-java classes where applicable
2020-05-13 04:44:51,381 INFO org.apache.hadoop.metrics2.impl.MetricsConfig: loaded properties from hadoop-metrics2.properties
2020-05-13 04:44:51,476 INFO org.apache.hadoop.metrics2.impl.MetricsSystemImpl: Scheduled Metric snapshot period at 10 second(s).
2020-05-13 04:44:51,476 INFO org.apache.hadoop.metrics2.impl.MetricsSystemImpl: JobHistoryServer metrics system started
2020-05-13 04:44:51,486 INFO org.apache.hadoop.mapreduce.v2.hs.JobHistory: JobHistory Init
2020-05-13 04:44:52,268 INFO org.apache.hadoop.mapreduce.v2.jobhistory.JobHistoryUtils: Default file system [hdfs://namenode:8020]
2020-05-13 04:44:52,453 INFO org.apache.hadoop.mapreduce.v2.hs.HistoryFileManager: Perms after creating 504, Expected: 504
2020-05-13 04:44:52,482 INFO org.apache.hadoop.mapreduce.v2.jobhistory.JobHistoryUtils: Default file system [hdfs://namenode:8020]
2020-05-13 04:44:52,495 INFO org.apache.hadoop.mapreduce.v2.hs.HistoryFileManager: Perms after creating 493, Expected: 1023
2020-05-13 04:44:52,495 INFO org.apache.hadoop.mapreduce.v2.hs.HistoryFileManager: Explicitly setting permissions to : 1023, rwxrwxrwt
2020-05-13 04:44:52,514 INFO org.apache.hadoop.mapreduce.v2.hs.HistoryFileManager: Initializing Existing Jobs...
2020-05-13 04:44:52,520 INFO org.apache.hadoop.mapreduce.v2.hs.HistoryFileManager: Found 0 directories to load
2020-05-13 04:44:52,520 INFO org.apache.hadoop.mapreduce.v2.hs.HistoryFileManager: Existing job initialization finished. 0.0% of cache is occupied.
2020-05-13 04:44:52,526 INFO org.apache.hadoop.mapreduce.v2.hs.CachedHistoryStorage: CachedHistoryStorage Init
2020-05-13 04:44:52,573 INFO org.apache.hadoop.ipc.CallQueueManager: Using callQueue: class java.util.concurrent.LinkedBlockingQueue queueCapacity: 100 scheduler: class org.apache.hadoop.ipc.DefaultRpcScheduler
2020-05-13 04:44:52,594 INFO org.apache.hadoop.ipc.Server: Starting Socket Reader #1 for port 10033
2020-05-13 04:44:52,917 INFO org.apache.hadoop.security.token.delegation.AbstractDelegationTokenSecretManager: Updating the current master key for generating delegation tokens
2020-05-13 04:44:52,926 INFO org.apache.hadoop.security.token.delegation.AbstractDelegationTokenSecretManager: Starting expired delegation token remover thread, tokenRemoverScanInterval=60 min(s)
2020-05-13 04:44:52,926 INFO org.apache.hadoop.security.token.delegation.AbstractDelegationTokenSecretManager: Updating the current master key for generating delegation tokens
2020-05-13 04:44:53,059 INFO org.mortbay.log: Logging to org.slf4j.impl.Log4jLoggerAdapter(org.mortbay.log) via org.mortbay.log.Slf4jLog
2020-05-13 04:44:53,077 INFO org.apache.hadoop.security.authentication.server.AuthenticationFilter: Unable to initialize FileSignerSecretProvider, falling back to use random secrets.
2020-05-13 04:44:53,083 INFO org.apache.hadoop.http.HttpRequestLog: Http request log for http.requests.jobhistory is not defined
2020-05-13 04:44:53,099 INFO org.apache.hadoop.http.HttpServer2: Added global filter 'safety' (class=org.apache.hadoop.http.HttpServer2$QuotingInputFilter)
2020-05-13 04:44:53,100 INFO org.apache.hadoop.http.HttpServer2: Added filter static_user_filter (class=org.apache.hadoop.http.lib.StaticUserWebFilter$StaticUserFilter) to context jobhistory
2020-05-13 04:44:53,100 INFO org.apache.hadoop.http.HttpServer2: Added filter static_user_filter (class=org.apache.hadoop.http.lib.StaticUserWebFilter$StaticUserFilter) to context static
2020-05-13 04:44:53,100 INFO org.apache.hadoop.http.HttpServer2: Added filter static_user_filter (class=org.apache.hadoop.http.lib.StaticUserWebFilter$StaticUserFilter) to context logs
2020-05-13 04:44:53,110 INFO org.apache.hadoop.http.HttpServer2: adding path spec: /jobhistory/*
2020-05-13 04:44:53,110 INFO org.apache.hadoop.http.HttpServer2: adding path spec: /ws/*
2020-05-13 04:44:53,699 INFO org.apache.hadoop.yarn.webapp.WebApps: Registered webapp guice modules
2020-05-13 04:44:53,700 INFO org.apache.hadoop.http.HttpServer2: Jetty bound to port 19888
2020-05-13 04:44:53,700 INFO org.mortbay.log: jetty-6.1.26
2020-05-13 04:44:53,873 INFO org.mortbay.log: Extract jar:file:/usr/local/hadoop/share/hadoop/yarn/hadoop-yarn-common-2.10.0.jar!/webapps/jobhistory to /tmp/Jetty_namenode_19888_jobhistory____pd5q5k/webapp
2020-05-13 04:44:55,464 INFO org.mortbay.log: Started HttpServer2$SelectChannelConnectorWithSafeStartup@namenode:19888
2020-05-13 04:44:55,464 INFO org.apache.hadoop.yarn.webapp.WebApps: Web app jobhistory started at 19888
2020-05-13 04:44:55,487 INFO org.apache.hadoop.ipc.CallQueueManager: Using callQueue: class java.util.concurrent.LinkedBlockingQueue queueCapacity: 1000 scheduler: class org.apache.hadoop.ipc.DefaultRpcScheduler
2020-05-13 04:44:55,498 INFO org.apache.hadoop.ipc.Server: Starting Socket Reader #1 for port 10020
2020-05-13 04:44:55,517 INFO org.apache.hadoop.yarn.factories.impl.pb.RpcServerFactoryPBImpl: Adding protocol org.apache.hadoop.mapreduce.v2.api.HSClientProtocolPB to the server
2020-05-13 04:44:55,521 INFO org.apache.hadoop.ipc.Server: IPC Server Responder: starting
2020-05-13 04:44:55,522 INFO org.apache.hadoop.ipc.Server: IPC Server listener on 10020: starting
2020-05-13 04:44:55,537 INFO org.apache.hadoop.mapreduce.v2.hs.HistoryClientService: Instantiated HistoryClientService at namenode/10.128.0.2:10020
2020-05-13 04:44:55,538 INFO org.apache.hadoop.yarn.logaggregation.AggregatedLogDeletionService: Log Aggregation deletion is disabled because retention is too small (-1)
2020-05-13 04:44:55,538 INFO org.apache.hadoop.ipc.Server: IPC Server Responder: starting
2020-05-13 04:44:55,541 INFO org.apache.hadoop.ipc.Server: IPC Server listener on 10033: starting
2020-05-13 04:44:55,546 INFO org.apache.hadoop.util.JvmPauseMonitor: Starting JVM pause monitor
2020-05-13 04:45:22,927 INFO org.apache.hadoop.mapreduce.v2.hs.JobHistory: History Cleaner started
2020-05-13 04:45:22,934 INFO org.apache.hadoop.mapreduce.v2.hs.JobHistory: History Cleaner complete
2020-05-13 04:47:52,926 INFO org.apache.hadoop.mapreduce.v2.hs.JobHistory: Starting scan to move intermediate done files
2020-05-13 04:50:52,926 INFO org.apache.hadoop.mapreduce.v2.hs.JobHistory: Starting scan to move intermediate done files
2020-05-13 04:53:52,926 INFO org.apache.hadoop.mapreduce.v2.hs.JobHistory: Starting scan to move intermediate done files
2020-05-13 04:56:52,926 INFO org.apache.hadoop.mapreduce.v2.hs.JobHistory: Starting scan to move intermediate done files
2020-05-13 04:59:52,926 INFO org.apache.hadoop.mapreduce.v2.hs.JobHistory: Starting scan to move intermediate done files
2020-05-13 05:02:52,926 INFO org.apache.hadoop.mapreduce.v2.hs.JobHistory: Starting scan to move intermediate done files
2020-05-13 05:05:52,926 INFO org.apache.hadoop.mapreduce.v2.hs.JobHistory: Starting scan to move intermediate done files
2020-05-13 05:08:52,926 INFO org.apache.hadoop.mapreduce.v2.hs.JobHistory: Starting scan to move intermediate done files
2020-05-13 05:11:52,926 INFO org.apache.hadoop.mapreduce.v2.hs.JobHistory: Starting scan to move intermediate done files
2020-05-13 05:14:52,926 INFO org.apache.hadoop.mapreduce.v2.hs.JobHistory: Starting scan to move intermediate done files
2020-05-13 05:14:52,940 ERROR org.apache.hadoop.mapreduce.v2.hs.JobHistory: Error while scanning intermediate done dir 
java.net.ConnectException: Call From namenode/10.128.0.2 to namenode:8020 failed on connection exception: java.net.ConnectException: Connection refused; For more details see:  http://wiki.apache.org/hadoop/ConnectionRefused
	at sun.reflect.NativeConstructorAccessorImpl.newInstance0(Native Method)
	at sun.reflect.NativeConstructorAccessorImpl.newInstance(NativeConstructorAccessorImpl.java:62)
	at sun.reflect.DelegatingConstructorAccessorImpl.newInstance(DelegatingConstructorAccessorImpl.java:45)
	at java.lang.reflect.Constructor.newInstance(Constructor.java:423)
	at org.apache.hadoop.net.NetUtils.wrapWithMessage(NetUtils.java:824)
	at org.apache.hadoop.net.NetUtils.wrapException(NetUtils.java:754)
	at org.apache.hadoop.ipc.Client.getRpcResponse(Client.java:1544)
	at org.apache.hadoop.ipc.Client.call(Client.java:1486)
	at org.apache.hadoop.ipc.Client.call(Client.java:1385)
	at org.apache.hadoop.ipc.ProtobufRpcEngine$Invoker.invoke(ProtobufRpcEngine.java:232)
	at org.apache.hadoop.ipc.ProtobufRpcEngine$Invoker.invoke(ProtobufRpcEngine.java:118)
	at com.sun.proxy.$Proxy12.getListing(Unknown Source)
	at org.apache.hadoop.hdfs.protocolPB.ClientNamenodeProtocolTranslatorPB.getListing(ClientNamenodeProtocolTranslatorPB.java:601)
	at sun.reflect.NativeMethodAccessorImpl.invoke0(Native Method)
	at sun.reflect.NativeMethodAccessorImpl.invoke(NativeMethodAccessorImpl.java:62)
	at sun.reflect.DelegatingMethodAccessorImpl.invoke(DelegatingMethodAccessorImpl.java:43)
	at java.lang.reflect.Method.invoke(Method.java:498)
	at org.apache.hadoop.io.retry.RetryInvocationHandler.invokeMethod(RetryInvocationHandler.java:422)
	at org.apache.hadoop.io.retry.RetryInvocationHandler$Call.invokeMethod(RetryInvocationHandler.java:165)
	at org.apache.hadoop.io.retry.RetryInvocationHandler$Call.invoke(RetryInvocationHandler.java:157)
	at org.apache.hadoop.io.retry.RetryInvocationHandler$Call.invokeOnce(RetryInvocationHandler.java:95)
	at org.apache.hadoop.io.retry.RetryInvocationHandler.invoke(RetryInvocationHandler.java:359)
	at com.sun.proxy.$Proxy13.getListing(Unknown Source)
	at org.apache.hadoop.hdfs.DFSClient.listPaths(DFSClient.java:1633)
	at org.apache.hadoop.fs.Hdfs$DirListingIterator.<init>(Hdfs.java:217)
	at org.apache.hadoop.fs.Hdfs$DirListingIterator.<init>(Hdfs.java:204)
	at org.apache.hadoop.fs.Hdfs$2.<init>(Hdfs.java:186)
	at org.apache.hadoop.fs.Hdfs.listStatusIterator(Hdfs.java:186)
	at org.apache.hadoop.fs.FileContext$22.next(FileContext.java:1511)
	at org.apache.hadoop.fs.FileContext$22.next(FileContext.java:1506)
	at org.apache.hadoop.fs.FSLinkResolver.resolve(FSLinkResolver.java:90)
	at org.apache.hadoop.fs.FileContext.listStatus(FileContext.java:1506)
	at org.apache.hadoop.mapreduce.v2.jobhistory.JobHistoryUtils.listFilteredStatus(JobHistoryUtils.java:505)
	at org.apache.hadoop.mapreduce.v2.jobhistory.JobHistoryUtils.localGlobber(JobHistoryUtils.java:452)
	at org.apache.hadoop.mapreduce.v2.jobhistory.JobHistoryUtils.localGlobber(JobHistoryUtils.java:444)
	at org.apache.hadoop.mapreduce.v2.jobhistory.JobHistoryUtils.localGlobber(JobHistoryUtils.java:439)
	at org.apache.hadoop.mapreduce.v2.hs.HistoryFileManager.scanIntermediateDirectory(HistoryFileManager.java:925)
	at org.apache.hadoop.mapreduce.v2.hs.JobHistory$MoveIntermediateToDoneRunnable.run(JobHistory.java:191)
	at java.util.concurrent.Executors$RunnableAdapter.call(Executors.java:511)
	at java.util.concurrent.FutureTask.runAndReset(FutureTask.java:308)
	at java.util.concurrent.ScheduledThreadPoolExecutor$ScheduledFutureTask.access$301(ScheduledThreadPoolExecutor.java:180)
	at java.util.concurrent.ScheduledThreadPoolExecutor$ScheduledFutureTask.run(ScheduledThreadPoolExecutor.java:294)
	at java.util.concurrent.ThreadPoolExecutor.runWorker(ThreadPoolExecutor.java:1149)
	at java.util.concurrent.ThreadPoolExecutor$Worker.run(ThreadPoolExecutor.java:624)
	at java.lang.Thread.run(Thread.java:748)
Caused by: java.net.ConnectException: Connection refused
	at sun.nio.ch.SocketChannelImpl.checkConnect(Native Method)
	at sun.nio.ch.SocketChannelImpl.finishConnect(SocketChannelImpl.java:714)
	at org.apache.hadoop.net.SocketIOWithTimeout.connect(SocketIOWithTimeout.java:206)
	at org.apache.hadoop.net.NetUtils.connect(NetUtils.java:531)
	at org.apache.hadoop.ipc.Client$Connection.setupConnection(Client.java:701)
	at org.apache.hadoop.ipc.Client$Connection.setupIOstreams(Client.java:805)
	at org.apache.hadoop.ipc.Client$Connection.access$3700(Client.java:423)
	at org.apache.hadoop.ipc.Client.getConnection(Client.java:1601)
	at org.apache.hadoop.ipc.Client.call(Client.java:1432)
	... 37 more
2020-05-13 05:17:52,926 INFO org.apache.hadoop.mapreduce.v2.hs.JobHistory: Starting scan to move intermediate done files
2020-05-13 05:17:52,928 ERROR org.apache.hadoop.mapreduce.v2.hs.JobHistory: Error while scanning intermediate done dir 
java.net.ConnectException: Call From namenode/10.128.0.2 to namenode:8020 failed on connection exception: java.net.ConnectException: Connection refused; For more details see:  http://wiki.apache.org/hadoop/ConnectionRefused
	at sun.reflect.NativeConstructorAccessorImpl.newInstance0(Native Method)
	at sun.reflect.NativeConstructorAccessorImpl.newInstance(NativeConstructorAccessorImpl.java:62)
	at sun.reflect.DelegatingConstructorAccessorImpl.newInstance(DelegatingConstructorAccessorImpl.java:45)
	at java.lang.reflect.Constructor.newInstance(Constructor.java:423)
	at org.apache.hadoop.net.NetUtils.wrapWithMessage(NetUtils.java:824)
	at org.apache.hadoop.net.NetUtils.wrapException(NetUtils.java:754)
	at org.apache.hadoop.ipc.Client.getRpcResponse(Client.java:1544)
	at org.apache.hadoop.ipc.Client.call(Client.java:1486)
	at org.apache.hadoop.ipc.Client.call(Client.java:1385)
	at org.apache.hadoop.ipc.ProtobufRpcEngine$Invoker.invoke(ProtobufRpcEngine.java:232)
	at org.apache.hadoop.ipc.ProtobufRpcEngine$Invoker.invoke(ProtobufRpcEngine.java:118)
	at com.sun.proxy.$Proxy12.getListing(Unknown Source)
	at org.apache.hadoop.hdfs.protocolPB.ClientNamenodeProtocolTranslatorPB.getListing(ClientNamenodeProtocolTranslatorPB.java:601)
	at sun.reflect.NativeMethodAccessorImpl.invoke0(Native Method)
	at sun.reflect.NativeMethodAccessorImpl.invoke(NativeMethodAccessorImpl.java:62)
	at sun.reflect.DelegatingMethodAccessorImpl.invoke(DelegatingMethodAccessorImpl.java:43)
	at java.lang.reflect.Method.invoke(Method.java:498)
	at org.apache.hadoop.io.retry.RetryInvocationHandler.invokeMethod(RetryInvocationHandler.java:422)
	at org.apache.hadoop.io.retry.RetryInvocationHandler$Call.invokeMethod(RetryInvocationHandler.java:165)
	at org.apache.hadoop.io.retry.RetryInvocationHandler$Call.invoke(RetryInvocationHandler.java:157)
	at org.apache.hadoop.io.retry.RetryInvocationHandler$Call.invokeOnce(RetryInvocationHandler.java:95)
	at org.apache.hadoop.io.retry.RetryInvocationHandler.invoke(RetryInvocationHandler.java:359)
	at com.sun.proxy.$Proxy13.getListing(Unknown Source)
	at org.apache.hadoop.hdfs.DFSClient.listPaths(DFSClient.java:1633)
	at org.apache.hadoop.fs.Hdfs$DirListingIterator.<init>(Hdfs.java:217)
	at org.apache.hadoop.fs.Hdfs$DirListingIterator.<init>(Hdfs.java:204)
	at org.apache.hadoop.fs.Hdfs$2.<init>(Hdfs.java:186)
	at org.apache.hadoop.fs.Hdfs.listStatusIterator(Hdfs.java:186)
	at org.apache.hadoop.fs.FileContext$22.next(FileContext.java:1511)
	at org.apache.hadoop.fs.FileContext$22.next(FileContext.java:1506)
	at org.apache.hadoop.fs.FSLinkResolver.resolve(FSLinkResolver.java:90)
	at org.apache.hadoop.fs.FileContext.listStatus(FileContext.java:1506)
	at org.apache.hadoop.mapreduce.v2.jobhistory.JobHistoryUtils.listFilteredStatus(JobHistoryUtils.java:505)
	at org.apache.hadoop.mapreduce.v2.jobhistory.JobHistoryUtils.localGlobber(JobHistoryUtils.java:452)
	at org.apache.hadoop.mapreduce.v2.jobhistory.JobHistoryUtils.localGlobber(JobHistoryUtils.java:444)
	at org.apache.hadoop.mapreduce.v2.jobhistory.JobHistoryUtils.localGlobber(JobHistoryUtils.java:439)
	at org.apache.hadoop.mapreduce.v2.hs.HistoryFileManager.scanIntermediateDirectory(HistoryFileManager.java:925)
	at org.apache.hadoop.mapreduce.v2.hs.JobHistory$MoveIntermediateToDoneRunnable.run(JobHistory.java:191)
	at java.util.concurrent.Executors$RunnableAdapter.call(Executors.java:511)
	at java.util.concurrent.FutureTask.runAndReset(FutureTask.java:308)
	at java.util.concurrent.ScheduledThreadPoolExecutor$ScheduledFutureTask.access$301(ScheduledThreadPoolExecutor.java:180)
	at java.util.concurrent.ScheduledThreadPoolExecutor$ScheduledFutureTask.run(ScheduledThreadPoolExecutor.java:294)
	at java.util.concurrent.ThreadPoolExecutor.runWorker(ThreadPoolExecutor.java:1149)
	at java.util.concurrent.ThreadPoolExecutor$Worker.run(ThreadPoolExecutor.java:624)
	at java.lang.Thread.run(Thread.java:748)
Caused by: java.net.ConnectException: Connection refused
	at sun.nio.ch.SocketChannelImpl.checkConnect(Native Method)
	at sun.nio.ch.SocketChannelImpl.finishConnect(SocketChannelImpl.java:714)
	at org.apache.hadoop.net.SocketIOWithTimeout.connect(SocketIOWithTimeout.java:206)
	at org.apache.hadoop.net.NetUtils.connect(NetUtils.java:531)
	at org.apache.hadoop.ipc.Client$Connection.setupConnection(Client.java:701)
	at org.apache.hadoop.ipc.Client$Connection.setupIOstreams(Client.java:805)
	at org.apache.hadoop.ipc.Client$Connection.access$3700(Client.java:423)
	at org.apache.hadoop.ipc.Client.getConnection(Client.java:1601)
	at org.apache.hadoop.ipc.Client.call(Client.java:1432)
	... 37 more
2020-05-13 05:20:52,926 INFO org.apache.hadoop.mapreduce.v2.hs.JobHistory: Starting scan to move intermediate done files
2020-05-13 05:23:52,926 INFO org.apache.hadoop.mapreduce.v2.hs.JobHistory: Starting scan to move intermediate done files
2020-05-13 05:26:52,926 INFO org.apache.hadoop.mapreduce.v2.hs.JobHistory: Starting scan to move intermediate done files
2020-05-13 05:29:52,926 INFO org.apache.hadoop.mapreduce.v2.hs.JobHistory: Starting scan to move intermediate done files
2020-05-13 05:32:52,926 INFO org.apache.hadoop.mapreduce.v2.hs.JobHistory: Starting scan to move intermediate done files
2020-05-13 05:35:52,926 INFO org.apache.hadoop.mapreduce.v2.hs.JobHistory: Starting scan to move intermediate done files
2020-05-13 05:38:52,926 INFO org.apache.hadoop.mapreduce.v2.hs.JobHistory: Starting scan to move intermediate done files
2020-05-13 05:41:52,926 INFO org.apache.hadoop.mapreduce.v2.hs.JobHistory: Starting scan to move intermediate done files
2020-05-13 05:44:52,926 INFO org.apache.hadoop.mapreduce.v2.hs.JobHistory: Starting scan to move intermediate done files
2020-05-13 05:47:52,926 INFO org.apache.hadoop.mapreduce.v2.hs.JobHistory: Starting scan to move intermediate done files
2020-05-13 05:50:52,926 INFO org.apache.hadoop.mapreduce.v2.hs.JobHistory: Starting scan to move intermediate done files
2020-05-13 05:53:52,926 INFO org.apache.hadoop.mapreduce.v2.hs.JobHistory: Starting scan to move intermediate done files
2020-05-13 05:56:52,926 INFO org.apache.hadoop.mapreduce.v2.hs.JobHistory: Starting scan to move intermediate done files
2020-05-13 05:59:52,926 INFO org.apache.hadoop.mapreduce.v2.hs.JobHistory: Starting scan to move intermediate done files
2020-05-13 06:02:52,926 INFO org.apache.hadoop.mapreduce.v2.hs.JobHistory: Starting scan to move intermediate done files
2020-05-13 06:05:52,926 INFO org.apache.hadoop.mapreduce.v2.hs.JobHistory: Starting scan to move intermediate done files
2020-05-13 06:08:52,926 INFO org.apache.hadoop.mapreduce.v2.hs.JobHistory: Starting scan to move intermediate done files
